Ex1 (OOP) Simulator log: stage Ex1_Buildings/B2.json,  output.csv
0.0,OOP_Ex1_Elevator_Simulator
0.0,Simulated Building, Building [-2,10]
0) ex1.Elevator_A, Elev_, id,0,  speed, 1.0, open: 2.0,  start: 3.0, close: 2.0,  stop: 3.0
1) ex1.Elevator_A, Elev_, id,1,  speed, 2.0, open: 2.0,  start: 3.0, close: 2.0,  stop: 3.0

0.0,Simulated Period starTime,0.0,  endTime,1104.1840186,  dt,1.0
0.0,Simulated  calls,Elevator log, size: 100
0.0,**** Simulation starts!! ****
5.0,Elevator call,4.37472729,0,-1,1,0, got allocated to elevator, 0
5.0,Elev,0,  arrived at src, 0, Elevator call,4.37472729,0,-1,2,0
5.0, elevID,0,  pos,0,  cmd, goto,-1
16.0,Elev,0,  arrived at dest, -1, this call is done!, Elevator call,4.37472729,0,-1,3,0, Done, dt, 11.62527271
17.0,Elevator call,16.95788289,-1,0,1,1, got allocated to elevator, 1
17.0, elevID,1,  pos,0,  cmd, goto,-1
23.0,Elevator call,22.0940563,0,-1,1,1, got allocated to elevator, 1
28.0,Elev,1,  arrived at src, -1, Elevator call,16.95788289,-1,0,2,1
28.0, elevID,1,  pos,-1,  cmd, goto,0
39.0,Elev,1,  arrived at dest, 0, this call is done!, Elevator call,16.95788289,-1,0,3,1, Done, dt, 22.04211711
39.0,Elev,1,  arrived at src, 0, Elevator call,22.0940563,0,-1,2,1
39.0, elevID,1,  pos,0,  cmd, goto,-1
50.0,Elev,1,  arrived at dest, -1, this call is done!, Elevator call,22.0940563,0,-1,3,1, Done, dt, 27.9059437
86.0,Elevator call,85.52096662,3,2,1,0, got allocated to elevator, 0
86.0, elevID,0,  pos,-1,  cmd, goto,3
92.0,Elevator call,91.21019413,-1,-2,1,1, got allocated to elevator, 1
92.0,Elev,1,  arrived at src, -1, Elevator call,91.21019413,-1,-2,2,1
92.0, elevID,1,  pos,-1,  cmd, goto,-2
100.0,Elev,0,  arrived at src, 3, Elevator call,85.52096662,3,2,2,0
100.0, elevID,0,  pos,3,  cmd, goto,2
103.0,Elev,1,  arrived at dest, -2, this call is done!, Elevator call,91.21019413,-1,-2,3,1, Done, dt, 11.789805869999995
105.0,Elevator call,104.1370124,0,4,1,0, got allocated to elevator, 0
110.0,Elevator call,109.2135291,-1,0,1,1, got allocated to elevator, 1
110.0, elevID,1,  pos,-2,  cmd, goto,-1
111.0,Elev,0,  arrived at dest, 2, this call is done!, Elevator call,85.52096662,3,2,3,0, Done, dt, 25.479033380000004
111.0, elevID,0,  pos,2,  cmd, goto,0
115.0,Elevator call,114.392351,3,0,1,0, got allocated to elevator, 0
121.0,Elev,1,  arrived at src, -1, Elevator call,109.2135291,-1,0,2,1
121.0, elevID,1,  pos,-1,  cmd, goto,0
123.0,Elev,0,  arrived at src, 0, Elevator call,104.1370124,0,4,2,0
123.0, elevID,0,  pos,0,  cmd, goto,3
125.0,Elevator call,124.425571,0,9,1,1, got allocated to elevator, 1
131.0,Elevator call,130.0249568,8,10,1,1, got allocated to elevator, 1
131.0,Elevator call,130.2249113,-1,1,1,0, got allocated to elevator, 0
132.0,Elev,1,  arrived at dest, 0, this call is done!, Elevator call,109.2135291,-1,0,3,1, Done, dt, 22.786470899999998
132.0,Elev,1,  arrived at src, 0, Elevator call,124.425571,0,9,2,1
132.0, elevID,1,  pos,0,  cmd, goto,8
136.0,Elev,0,  arrived at src, 3, Elevator call,114.392351,3,0,2,0
136.0, elevID,0,  pos,3,  cmd, goto,4
138.0,Elevator call,137.9515274,0,4,1,1, got allocated to elevator, 1
144.0,Elevator call,143.9133584,0,6,1,0, got allocated to elevator, 0
146.0,Elev,1,  arrived at src, 8, Elevator call,130.0249568,8,10,2,1
146.0, elevID,1,  pos,8,  cmd, goto,9
147.0,Elev,0,  arrived at dest, 4, this call is done!, Elevator call,104.1370124,0,4,3,0, Done, dt, 42.8629876
147.0, elevID,0,  pos,4,  cmd, goto,0
157.0,Elev,1,  arrived at dest, 9, this call is done!, Elevator call,124.425571,0,9,3,1, Done, dt, 32.574428999999995
157.0, elevID,1,  pos,9,  cmd, goto,10
161.0,Elev,0,  arrived at dest, 0, this call is done!, Elevator call,114.392351,3,0,3,0, Done, dt, 46.607648999999995
161.0,Elev,0,  arrived at src, 0, Elevator call,143.9133584,0,6,2,0
161.0, elevID,0,  pos,0,  cmd, goto,-1
168.0,Elev,1,  arrived at dest, 10, this call is done!, Elevator call,130.0249568,8,10,3,1, Done, dt, 37.97504319999999
168.0, elevID,1,  pos,10,  cmd, goto,0
170.0,Elevator call,169.7845834,-1,0,1,0, got allocated to elevator, 0
171.0,Elevator call,170.0099621,0,6,1,1, got allocated to elevator, 1
172.0,Elevator call,171.2117332,-1,8,1,1, got allocated to elevator, 1
172.0,Elev,0,  arrived at src, -1, Elevator call,130.2249113,-1,1,2,0
172.0,Elev,0,  arrived at src, -1, Elevator call,169.7845834,-1,0,2,0
172.0, elevID,0,  pos,-1,  cmd, goto,0
175.0,Elevator call,174.8438515,0,-1,1,1, got allocated to elevator, 1
183.0,Elev,0,  arrived at dest, 0, this call is done!, Elevator call,169.7845834,-1,0,3,0, Done, dt, 13.215416599999998
183.0, elevID,0,  pos,0,  cmd, goto,1
183.0,Elev,1,  arrived at src, 0, Elevator call,137.9515274,0,4,2,1
183.0,Elev,1,  arrived at src, 0, Elevator call,170.0099621,0,6,2,1
183.0,Elev,1,  arrived at src, 0, Elevator call,174.8438515,0,-1,2,1
183.0, elevID,1,  pos,0,  cmd, goto,-1
188.0,Elevator call,187.1167862,-1,-2,1,0, got allocated to elevator, 0
188.0,Elevator call,187.7299318,-1,-2,1,0, got allocated to elevator, 0
194.0,Elev,0,  arrived at dest, 1, this call is done!, Elevator call,130.2249113,-1,1,3,0, Done, dt, 63.7750887
194.0, elevID,0,  pos,1,  cmd, goto,6
194.0,Elev,1,  arrived at src, -1, Elevator call,171.2117332,-1,8,2,1
194.0,Elev,1,  arrived at dest, -1, this call is done!, Elevator call,174.8438515,0,-1,3,1, Done, dt, 19.1561485
194.0, elevID,1,  pos,-1,  cmd, goto,4
196.0,Elevator call,195.9086965,0,7,1,1, got allocated to elevator, 1
196.0, elevID,1,  pos,-1,  cmd, stop,0
198.0,Elevator call,197.5359191,-1,1,1,1, got allocated to elevator, 1
198.0, elevID,1,  pos,-1,  cmd, stop,-1
204.0,Elev,1,  arrived at src, -1, Elevator call,197.5359191,-1,1,2,1
204.0, elevID,1,  pos,-1,  cmd, goto,0
206.0,Elevator call,205.9895199,-1,0,1,0, got allocated to elevator, 0
209.0,Elev,0,  arrived at dest, 6, this call is done!, Elevator call,143.9133584,0,6,3,0, Done, dt, 65.08664160000001
209.0, elevID,0,  pos,6,  cmd, goto,-1
215.0,Elev,1,  arrived at src, 0, Elevator call,195.9086965,0,7,2,1
215.0, elevID,1,  pos,0,  cmd, goto,1
226.0,Elev,0,  arrived at src, -1, Elevator call,187.1167862,-1,-2,2,0
226.0,Elev,0,  arrived at src, -1, Elevator call,187.7299318,-1,-2,2,0
226.0,Elev,0,  arrived at src, -1, Elevator call,205.9895199,-1,0,2,0
226.0, elevID,0,  pos,-1,  cmd, goto,-2
226.0,Elev,1,  arrived at dest, 1, this call is done!, Elevator call,197.5359191,-1,1,3,1, Done, dt, 28.4640809
226.0, elevID,1,  pos,1,  cmd, goto,4
228.0,Elevator call,227.0798305,-1,5,1,1, got allocated to elevator, 1
232.0,Elevator call,231.5157882,-1,0,1,0, got allocated to elevator, 0
233.0,Elevator call,232.9504362,0,-1,1,1, got allocated to elevator, 1
237.0,Elev,0,  arrived at dest, -2, this call is done!, Elevator call,187.1167862,-1,-2,3,0, Done, dt, 49.88321379999999
237.0,Elev,0,  arrived at dest, -2, this call is done!, Elevator call,187.7299318,-1,-2,3,0, Done, dt, 49.2700682
237.0, elevID,0,  pos,-2,  cmd, goto,-1
238.0,Elev,1,  arrived at dest, 4, this call is done!, Elevator call,137.9515274,0,4,3,1, Done, dt, 100.0484726
238.0, elevID,1,  pos,4,  cmd, goto,6
248.0,Elev,0,  arrived at src, -1, Elevator call,231.5157882,-1,0,2,0
248.0, elevID,0,  pos,-1,  cmd, goto,0
249.0,Elev,1,  arrived at dest, 6, this call is done!, Elevator call,170.0099621,0,6,3,1, Done, dt, 78.9900379
249.0, elevID,1,  pos,6,  cmd, goto,7
252.0,Elevator call,251.1044469,-1,-2,1,0, got allocated to elevator, 0
252.0,Elevator call,251.2359335,0,9,1,1, got allocated to elevator, 1
252.0, elevID,0,  pos,-1,  cmd, stop,-1
255.0,Elevator call,254.6977153,3,4,1,0, got allocated to elevator, 0
258.0,Elevator call,257.7974435,-1,0,1,1, got allocated to elevator, 1
258.0,Elev,0,  arrived at src, -1, Elevator call,251.1044469,-1,-2,2,0
258.0, elevID,0,  pos,-1,  cmd, goto,0
260.0,Elev,1,  arrived at dest, 7, this call is done!, Elevator call,195.9086965,0,7,3,1, Done, dt, 64.09130350000001
260.0, elevID,1,  pos,7,  cmd, goto,8
269.0,Elev,0,  arrived at dest, 0, this call is done!, Elevator call,205.9895199,-1,0,3,0, Done, dt, 63.010480099999995
269.0,Elev,0,  arrived at dest, 0, this call is done!, Elevator call,231.5157882,-1,0,3,0, Done, dt, 37.4842118
269.0, elevID,0,  pos,0,  cmd, goto,3
271.0,Elev,1,  arrived at dest, 8, this call is done!, Elevator call,171.2117332,-1,8,3,1, Done, dt, 99.7882668
271.0, elevID,1,  pos,8,  cmd, goto,0
282.0,Elev,0,  arrived at src, 3, Elevator call,254.6977153,3,4,2,0
282.0, elevID,0,  pos,3,  cmd, goto,4
285.0,Elev,1,  arrived at src, 0, Elevator call,232.9504362,0,-1,2,1
285.0,Elev,1,  arrived at src, 0, Elevator call,251.2359335,0,9,2,1
285.0, elevID,1,  pos,0,  cmd, goto,-1
293.0,Elev,0,  arrived at dest, 4, this call is done!, Elevator call,254.6977153,3,4,3,0, Done, dt, 38.3022847
293.0, elevID,0,  pos,4,  cmd, goto,-2
296.0,Elevator call,295.7943357,0,1,1,0, got allocated to elevator, 0
, elevID,0,  pos,4,  cmd, stop,0
296.0,Elev,1,  arrived at src, -1, Elevator call,227.0798305,-1,5,2,1
296.0,Elev,1,  arrived at dest, -1, this call is done!, Elevator call,232.9504362,0,-1,3,1, Done, dt, 63.04956379999999
296.0,Elev,1,  arrived at src, -1, Elevator call,257.7974435,-1,0,2,1
296.0, elevID,1,  pos,-1,  cmd, goto,0
305.0,Elevator call,304.9984388,6,0,1,1, got allocated to elevator, 1
307.0,Elev,0,  arrived at src, 0, Elevator call,295.7943357,0,1,2,0
307.0, elevID,0,  pos,0,  cmd, goto,-2
307.0,Elev,1,  arrived at dest, 0, this call is done!, Elevator call,257.7974435,-1,0,3,1, Done, dt, 49.202556500000014
307.0, elevID,1,  pos,0,  cmd, goto,5
310.0,Elevator call,309.3005383,0,-1,1,0, got allocated to elevator, 0
, elevID,0,  pos,0,  cmd, stop,0
313.0,Elevator call,312.3018556,0,-1,1,1, got allocated to elevator, 1
317.0,Elevator call,316.0323783,0,-1,1,0, got allocated to elevator, 0
317.0,Elev,0,  arrived at src, 0, Elevator call,309.3005383,0,-1,2,0
317.0,Elev,0,  arrived at src, 0, Elevator call,316.0323783,0,-1,2,0
317.0, elevID,0,  pos,0,  cmd, goto,-1
320.0,Elevator call,319.905202,6,5,1,1, got allocated to elevator, 1
320.0,Elev,1,  arrived at dest, 5, this call is done!, Elevator call,227.0798305,-1,5,3,1, Done, dt, 92.92016949999999
320.0, elevID,1,  pos,5,  cmd, goto,6
321.0,Elevator call,320.9760749,-1,0,1,1, got allocated to elevator, 1
322.0,Elevator call,321.370409,7,-1,1,0, got allocated to elevator, 0
328.0,Elev,0,  arrived at dest, -1, this call is done!, Elevator call,309.3005383,0,-1,3,0, Done, dt, 18.699461699999972
328.0,Elev,0,  arrived at dest, -1, this call is done!, Elevator call,316.0323783,0,-1,3,0, Done, dt, 11.967621699999995
328.0, elevID,0,  pos,-1,  cmd, goto,-2
331.0,Elev,1,  arrived at src, 6, Elevator call,304.9984388,6,0,2,1
331.0,Elev,1,  arrived at src, 6, Elevator call,319.905202,6,5,2,1
331.0, elevID,1,  pos,6,  cmd, goto,9
333.0,Elevator call,332.4267319,0,10,1,1, got allocated to elevator, 1
337.0,Elevator call,336.9304305,-1,0,1,0, got allocated to elevator, 0
339.0,Elev,0,  arrived at dest, -2, this call is done!, Elevator call,251.1044469,-1,-2,3,0, Done, dt, 87.8955531
339.0, elevID,0,  pos,-2,  cmd, goto,-1
343.0,Elev,1,  arrived at dest, 9, this call is done!, Elevator call,251.2359335,0,9,3,1, Done, dt, 91.76406650000001
343.0, elevID,1,  pos,9,  cmd, goto,5
350.0,Elev,0,  arrived at src, -1, Elevator call,336.9304305,-1,0,2,0
350.0, elevID,0,  pos,-1,  cmd, goto,0
355.0,Elev,1,  arrived at dest, 5, this call is done!, Elevator call,319.905202,6,5,3,1, Done, dt, 35.094798000000026
355.0, elevID,1,  pos,5,  cmd, goto,0
361.0,Elev,0,  arrived at dest, 0, this call is done!, Elevator call,336.9304305,-1,0,3,0, Done, dt, 24.0695695
361.0, elevID,0,  pos,0,  cmd, goto,1
368.0,Elev,1,  arrived at dest, 0, this call is done!, Elevator call,304.9984388,6,0,3,1, Done, dt, 63.001561200000026
368.0,Elev,1,  arrived at src, 0, Elevator call,312.3018556,0,-1,2,1
368.0,Elev,1,  arrived at src, 0, Elevator call,332.4267319,0,10,2,1
368.0, elevID,1,  pos,0,  cmd, goto,-1
372.0,Elev,0,  arrived at dest, 1, this call is done!, Elevator call,295.7943357,0,1,3,0, Done, dt, 76.20566430000002
372.0, elevID,0,  pos,1,  cmd, goto,7
376.0,Elevator call,375.490481,1,0,1,1, got allocated to elevator, 1
379.0,Elev,1,  arrived at dest, -1, this call is done!, Elevator call,312.3018556,0,-1,3,1, Done, dt, 66.69814439999999
379.0,Elev,1,  arrived at src, -1, Elevator call,320.9760749,-1,0,2,1
379.0, elevID,1,  pos,-1,  cmd, goto,0
388.0,Elev,0,  arrived at src, 7, Elevator call,321.370409,7,-1,2,0
388.0, elevID,0,  pos,7,  cmd, goto,-1
390.0,Elev,1,  arrived at dest, 0, this call is done!, Elevator call,320.9760749,-1,0,3,1, Done, dt, 69.02392509999999
390.0, elevID,1,  pos,0,  cmd, goto,1
393.0,Elevator call,392.5160765,0,5,1,0, got allocated to elevator, 0
, elevID,0,  pos,7,  cmd, stop,0
401.0,Elev,1,  arrived at src, 1, Elevator call,375.490481,1,0,2,1
401.0, elevID,1,  pos,1,  cmd, goto,10
405.0,Elev,0,  arrived at src, 0, Elevator call,392.5160765,0,5,2,0
405.0, elevID,0,  pos,0,  cmd, goto,-1
406.0,Elevator call,405.1821141,-1,10,1,0, got allocated to elevator, 0
416.0,Elev,0,  arrived at dest, -1, this call is done!, Elevator call,321.370409,7,-1,3,0, Done, dt, 94.629591
416.0,Elev,0,  arrived at src, -1, Elevator call,405.1821141,-1,10,2,0
416.0, elevID,0,  pos,-1,  cmd, goto,5
416.0,Elev,1,  arrived at dest, 10, this call is done!, Elevator call,332.4267319,0,10,3,1, Done, dt, 83.5732681
416.0, elevID,1,  pos,10,  cmd, goto,0
427.0,Elevator call,426.8615805,2,0,1,1, got allocated to elevator, 1
431.0,Elev,1,  arrived at dest, 0, this call is done!, Elevator call,375.490481,1,0,3,1, Done, dt, 55.50951900000001
431.0, elevID,1,  pos,0,  cmd, goto,2
432.0,Elev,0,  arrived at dest, 5, this call is done!, Elevator call,392.5160765,0,5,3,0, Done, dt, 39.4839235
432.0, elevID,0,  pos,5,  cmd, goto,10
438.0,Elevator call,437.1711158,1,0,1,0, got allocated to elevator, 0
442.0,Elev,1,  arrived at src, 2, Elevator call,426.8615805,2,0,2,1
442.0, elevID,1,  pos,2,  cmd, goto,0
447.0,Elev,0,  arrived at dest, 10, this call is done!, Elevator call,405.1821141,-1,10,3,0, Done, dt, 41.81788590000002
447.0, elevID,0,  pos,10,  cmd, goto,1
453.0,Elev,1,  arrived at dest, 0, this call is done!, Elevator call,426.8615805,2,0,3,1, Done, dt, 26.138419499999998
466.0,Elev,0,  arrived at src, 1, Elevator call,437.1711158,1,0,2,0
466.0, elevID,0,  pos,1,  cmd, goto,0
473.0,Elevator call,472.7445474,10,-1,1,0, got allocated to elevator, 0
477.0,Elev,0,  arrived at dest, 0, this call is done!, Elevator call,437.1711158,1,0,3,0, Done, dt, 39.828884200000005
477.0, elevID,0,  pos,0,  cmd, goto,10
497.0,Elev,0,  arrived at src, 10, Elevator call,472.7445474,10,-1,2,0
497.0, elevID,0,  pos,10,  cmd, goto,-1
501.0,Elevator call,500.3712045,8,-1,1,1, got allocated to elevator, 1
501.0, elevID,1,  pos,0,  cmd, goto,8
504.0,Elevator call,503.1384784,1,-1,1,0, got allocated to elevator, 0
, elevID,0,  pos,8,  cmd, stop,1
505.0,Elevator call,504.4317942,0,-1,1,0, got allocated to elevator, 0
515.0,Elev,1,  arrived at src, 8, Elevator call,500.3712045,8,-1,2,1
515.0, elevID,1,  pos,8,  cmd, goto,-1
516.0,Elev,0,  arrived at src, 1, Elevator call,503.1384784,1,-1,2,0
516.0, elevID,0,  pos,1,  cmd, goto,0
527.0,Elev,0,  arrived at src, 0, Elevator call,504.4317942,0,-1,2,0
527.0, elevID,0,  pos,0,  cmd, goto,-1
530.0,Elevator call,529.6277472,3,-1,1,1, got allocated to elevator, 1
530.0,Elev,1,  arrived at dest, -1, this call is done!, Elevator call,500.3712045,8,-1,3,1, Done, dt, 29.628795500000024
530.0, elevID,1,  pos,-1,  cmd, goto,3
538.0,Elevator call,537.7866884,-1,6,1,0, got allocated to elevator, 0
538.0,Elev,0,  arrived at dest, -1, this call is done!, Elevator call,472.7445474,10,-1,3,0, Done, dt, 65.25545260000001
538.0,Elev,0,  arrived at dest, -1, this call is done!, Elevator call,503.1384784,1,-1,3,0, Done, dt, 34.8615216
538.0,Elev,0,  arrived at dest, -1, this call is done!, Elevator call,504.4317942,0,-1,3,0, Done, dt, 33.56820579999999
538.0,Elev,0,  arrived at src, -1, Elevator call,537.7866884,-1,6,2,0
538.0, elevID,0,  pos,-1,  cmd, goto,6
542.0,Elev,1,  arrived at src, 3, Elevator call,529.6277472,3,-1,2,1
542.0, elevID,1,  pos,3,  cmd, goto,-1
545.0,Elevator call,544.7880392,6,-1,1,0, got allocated to elevator, 0
554.0,Elev,1,  arrived at dest, -1, this call is done!, Elevator call,529.6277472,3,-1,3,1, Done, dt, 24.372252799999956
555.0,Elevator call,554.0892923,4,0,1,1, got allocated to elevator, 1
555.0,Elev,0,  arrived at dest, 6, this call is done!, Elevator call,537.7866884,-1,6,3,0, Done, dt, 17.213311599999997
555.0,Elev,0,  arrived at src, 6, Elevator call,544.7880392,6,-1,2,0
555.0, elevID,0,  pos,6,  cmd, goto,-1
555.0, elevID,1,  pos,-1,  cmd, goto,4
558.0,Elevator call,557.244139,10,0,1,1, got allocated to elevator, 1
566.0,Elevator call,565.0195522,0,-1,1,0, got allocated to elevator, 0
, elevID,0,  pos,0,  cmd, stop,0
568.0,Elev,1,  arrived at src, 4, Elevator call,554.0892923,4,0,2,1
568.0, elevID,1,  pos,4,  cmd, goto,10
571.0,Elev,0,  arrived at src, 0, Elevator call,565.0195522,0,-1,2,0
571.0, elevID,0,  pos,0,  cmd, goto,-1
581.0,Elev,1,  arrived at src, 10, Elevator call,557.244139,10,0,2,1
581.0, elevID,1,  pos,10,  cmd, goto,0
582.0,Elevator call,581.870309,0,3,1,1, got allocated to elevator, 1
582.0,Elev,0,  arrived at dest, -1, this call is done!, Elevator call,544.7880392,6,-1,3,0, Done, dt, 37.21196080000004
582.0,Elev,0,  arrived at dest, -1, this call is done!, Elevator call,565.0195522,0,-1,3,0, Done, dt, 16.98044779999998
596.0,Elev,1,  arrived at dest, 0, this call is done!, Elevator call,554.0892923,4,0,3,1, Done, dt, 41.91070769999999
596.0,Elev,1,  arrived at dest, 0, this call is done!, Elevator call,557.244139,10,0,3,1, Done, dt, 38.75586099999998
596.0,Elev,1,  arrived at src, 0, Elevator call,581.870309,0,3,2,1
596.0, elevID,1,  pos,0,  cmd, goto,3
597.0,Elevator call,596.1232023,8,0,1,0, got allocated to elevator, 0
597.0, elevID,0,  pos,-1,  cmd, goto,8
601.0,Elevator call,600.931288,1,0,1,1, got allocated to elevator, 1
601.0, elevID,1,  pos,0,  cmd, stop,1
604.0,Elevator call,603.9342327,7,0,1,0, got allocated to elevator, 0
604.0, elevID,0,  pos,1,  cmd, stop,7
607.0,Elev,1,  arrived at src, 1, Elevator call,600.931288,1,0,2,1
607.0, elevID,1,  pos,1,  cmd, goto,3
615.0,Elev,0,  arrived at src, 7, Elevator call,603.9342327,7,0,2,0
615.0, elevID,0,  pos,7,  cmd, goto,8
618.0,Elevator call,617.9628339,0,3,1,0, got allocated to elevator, 0
618.0,Elev,1,  arrived at dest, 3, this call is done!, Elevator call,581.870309,0,3,3,1, Done, dt, 36.12969099999998
618.0, elevID,1,  pos,3,  cmd, goto,0
620.0,Elevator call,619.6454197,9,0,1,1, got allocated to elevator, 1
626.0,Elev,0,  arrived at src, 8, Elevator call,596.1232023,8,0,2,0
626.0, elevID,0,  pos,8,  cmd, goto,0
627.0,Elevator call,626.2116172,0,1,1,1, got allocated to elevator, 1
630.0,Elev,1,  arrived at dest, 0, this call is done!, Elevator call,600.931288,1,0,3,1, Done, dt, 29.068712000000005
630.0,Elev,1,  arrived at src, 0, Elevator call,626.2116172,0,1,2,1
630.0, elevID,1,  pos,0,  cmd, goto,1
641.0,Elev,1,  arrived at dest, 1, this call is done!, Elevator call,626.2116172,0,1,3,1, Done, dt, 14.788382800000022
641.0, elevID,1,  pos,1,  cmd, goto,9
644.0,Elevator call,643.8547515,-1,2,1,0, got allocated to elevator, 0
644.0,Elev,0,  arrived at dest, 0, this call is done!, Elevator call,596.1232023,8,0,3,0, Done, dt, 47.8767977
644.0,Elev,0,  arrived at dest, 0, this call is done!, Elevator call,603.9342327,7,0,3,0, Done, dt, 40.06576729999995
644.0,Elev,0,  arrived at src, 0, Elevator call,617.9628339,0,3,2,0
644.0, elevID,0,  pos,0,  cmd, goto,-1
655.0,Elev,0,  arrived at src, -1, Elevator call,643.8547515,-1,2,2,0
655.0, elevID,0,  pos,-1,  cmd, goto,2
655.0,Elev,1,  arrived at src, 9, Elevator call,619.6454197,9,0,2,1
655.0, elevID,1,  pos,9,  cmd, goto,0
661.0,Elevator call,660.0732908,6,10,1,0, got allocated to elevator, 0
662.0,Elevator call,661.042082,-1,3,1,1, got allocated to elevator, 1
663.0,Elevator call,662.1730528,-1,5,1,1, got allocated to elevator, 1
666.0,Elevator call,665.1155549,-1,8,1,1, got allocated to elevator, 1
667.0,Elevator call,666.0340295,4,0,1,0, got allocated to elevator, 0
667.0,Elevator call,666.2411587,5,-1,1,1, got allocated to elevator, 1
668.0,Elev,0,  arrived at dest, 2, this call is done!, Elevator call,643.8547515,-1,2,3,0, Done, dt, 24.14524849999998
668.0, elevID,0,  pos,2,  cmd, goto,3
670.0,Elev,1,  arrived at dest, 0, this call is done!, Elevator call,619.6454197,9,0,3,1, Done, dt, 50.35458029999995
670.0, elevID,1,  pos,0,  cmd, goto,-1
673.0,Elevator call,672.6773142,0,-1,1,0, got allocated to elevator, 0
678.0,Elevator call,677.7341948,0,-1,1,0, got allocated to elevator, 0
679.0,Elevator call,678.9953585,-1,-2,1,0, got allocated to elevator, 0
679.0,Elev,0,  arrived at dest, 3, this call is done!, Elevator call,617.9628339,0,3,3,0, Done, dt, 61.037166100000036
679.0, elevID,0,  pos,3,  cmd, goto,4
681.0,Elev,1,  arrived at src, -1, Elevator call,661.042082,-1,3,2,1
681.0,Elev,1,  arrived at src, -1, Elevator call,662.1730528,-1,5,2,1
681.0,Elev,1,  arrived at src, -1, Elevator call,665.1155549,-1,8,2,1
681.0, elevID,1,  pos,-1,  cmd, goto,3
690.0,Elev,0,  arrived at src, 4, Elevator call,666.0340295,4,0,2,0
690.0, elevID,0,  pos,4,  cmd, goto,6
693.0,Elev,1,  arrived at dest, 3, this call is done!, Elevator call,661.042082,-1,3,3,1, Done, dt, 31.95791799999995
693.0, elevID,1,  pos,3,  cmd, goto,5
696.0,Elevator call,695.2239882,0,10,1,1, got allocated to elevator, 1
702.0,Elev,0,  arrived at src, 6, Elevator call,660.0732908,6,10,2,0
702.0, elevID,0,  pos,6,  cmd, goto,10
704.0,Elev,1,  arrived at dest, 5, this call is done!, Elevator call,662.1730528,-1,5,3,1, Done, dt, 41.82694719999995
704.0,Elev,1,  arrived at src, 5, Elevator call,666.2411587,5,-1,2,1
704.0, elevID,1,  pos,5,  cmd, goto,8
707.0,Elevator call,706.1583475,-1,-2,1,1, got allocated to elevator, 1
711.0,Elevator call,710.324977,0,1,1,0, got allocated to elevator, 0
714.0,Elevator call,713.0191971,1,0,1,0, got allocated to elevator, 0
714.0,Elevator call,713.2499766,10,-1,1,0, got allocated to elevator, 0
716.0,Elev,0,  arrived at dest, 10, this call is done!, Elevator call,660.0732908,6,10,3,0, Done, dt, 55.926709200000005
716.0,Elev,0,  arrived at src, 10, Elevator call,713.2499766,10,-1,2,0
716.0, elevID,0,  pos,10,  cmd, goto,1
716.0,Elev,1,  arrived at dest, 8, this call is done!, Elevator call,665.1155549,-1,8,3,1, Done, dt, 50.88444509999999
716.0, elevID,1,  pos,8,  cmd, goto,0
723.0,Elevator call,722.6161213,10,0,1,1, got allocated to elevator, 1
728.0,Elevator call,727.5146029,-1,0,1,1, got allocated to elevator, 1
730.0,Elev,1,  arrived at src, 0, Elevator call,695.2239882,0,10,2,1
730.0, elevID,1,  pos,0,  cmd, goto,-1
733.0,Elevator call,732.9746341,6,-1,1,1, got allocated to elevator, 1
735.0,Elev,0,  arrived at src, 1, Elevator call,713.0191971,1,0,2,0
735.0, elevID,0,  pos,1,  cmd, goto,0
738.0,Elevator call,737.3147202,1,0,1,0, got allocated to elevator, 0
, elevID,0,  pos,1,  cmd, stop,1
741.0,Elev,1,  arrived at dest, -1, this call is done!, Elevator call,666.2411587,5,-1,3,1, Done, dt, 74.75884129999997
741.0,Elev,1,  arrived at src, -1, Elevator call,706.1583475,-1,-2,2,1
741.0,Elev,1,  arrived at src, -1, Elevator call,727.5146029,-1,0,2,1
741.0, elevID,1,  pos,-1,  cmd, goto,-2
745.0,Elev,0,  arrived at src, 1, Elevator call,737.3147202,1,0,2,0
745.0, elevID,0,  pos,1,  cmd, goto,0
752.0,Elev,1,  arrived at dest, -2, this call is done!, Elevator call,706.1583475,-1,-2,3,1, Done, dt, 45.84165250000001
752.0, elevID,1,  pos,-2,  cmd, goto,0
756.0,Elev,0,  arrived at dest, 0, this call is done!, Elevator call,666.0340295,4,0,3,0, Done, dt, 89.96597050000003
756.0,Elev,0,  arrived at src, 0, Elevator call,672.6773142,0,-1,2,0
756.0,Elev,0,  arrived at src, 0, Elevator call,677.7341948,0,-1,2,0
756.0,Elev,0,  arrived at src, 0, Elevator call,710.324977,0,1,2,0
756.0,Elev,0,  arrived at dest, 0, this call is done!, Elevator call,713.0191971,1,0,3,0, Done, dt, 42.98080289999996
756.0,Elev,0,  arrived at dest, 0, this call is done!, Elevator call,737.3147202,1,0,3,0, Done, dt, 18.68527979999999
756.0, elevID,0,  pos,0,  cmd, goto,-1
763.0,Elev,1,  arrived at dest, 0, this call is done!, Elevator call,727.5146029,-1,0,3,1, Done, dt, 35.4853971
763.0, elevID,1,  pos,0,  cmd, goto,6
767.0,Elev,0,  arrived at dest, -1, this call is done!, Elevator call,672.6773142,0,-1,3,0, Done, dt, 94.32268580000004
767.0,Elev,0,  arrived at dest, -1, this call is done!, Elevator call,677.7341948,0,-1,3,0, Done, dt, 89.26580520000005
767.0,Elev,0,  arrived at src, -1, Elevator call,678.9953585,-1,-2,2,0
767.0,Elev,0,  arrived at dest, -1, this call is done!, Elevator call,713.2499766,10,-1,3,0, Done, dt, 53.75002340000003
767.0, elevID,0,  pos,-1,  cmd, goto,-2
776.0,Elev,1,  arrived at src, 6, Elevator call,732.9746341,6,-1,2,1
776.0, elevID,1,  pos,6,  cmd, goto,10
778.0,Elev,0,  arrived at dest, -2, this call is done!, Elevator call,678.9953585,-1,-2,3,0, Done, dt, 99.00464150000005
778.0, elevID,0,  pos,-2,  cmd, goto,1
780.0,Elevator call,779.3996914,-1,5,1,1, got allocated to elevator, 1
788.0,Elev,1,  arrived at dest, 10, this call is done!, Elevator call,695.2239882,0,10,3,1, Done, dt, 92.77601179999999
788.0,Elev,1,  arrived at src, 10, Elevator call,722.6161213,10,0,2,1
788.0, elevID,1,  pos,10,  cmd, goto,0
791.0,Elev,0,  arrived at dest, 1, this call is done!, Elevator call,710.324977,0,1,3,0, Done, dt, 80.67502300000001
803.0,Elev,1,  arrived at dest, 0, this call is done!, Elevator call,722.6161213,10,0,3,1, Done, dt, 80.38387869999997
803.0, elevID,1,  pos,0,  cmd, goto,-1
806.0,Elevator call,805.6754743,-1,-2,1,0, got allocated to elevator, 0
806.0, elevID,0,  pos,1,  cmd, goto,-1
811.0,Elevator call,810.4469089,2,0,1,1, got allocated to elevator, 1
814.0,Elev,1,  arrived at dest, -1, this call is done!, Elevator call,732.9746341,6,-1,3,1, Done, dt, 81.0253659
814.0,Elev,1,  arrived at src, -1, Elevator call,779.3996914,-1,5,2,1
814.0, elevID,1,  pos,-1,  cmd, goto,2
817.0,Elevator call,816.1516998,7,-1,1,1, got allocated to elevator, 1
818.0,Elev,0,  arrived at src, -1, Elevator call,805.6754743,-1,-2,2,0
818.0, elevID,0,  pos,-1,  cmd, goto,-2
826.0,Elevator call,825.4575185,7,0,1,0, got allocated to elevator, 0
826.0,Elev,1,  arrived at src, 2, Elevator call,810.4469089,2,0,2,1
826.0, elevID,1,  pos,2,  cmd, goto,5
829.0,Elev,0,  arrived at dest, -2, this call is done!, Elevator call,805.6754743,-1,-2,3,0, Done, dt, 23.32452569999998
829.0, elevID,0,  pos,-2,  cmd, goto,7
838.0,Elev,1,  arrived at dest, 5, this call is done!, Elevator call,779.3996914,-1,5,3,1, Done, dt, 58.60030859999995
838.0, elevID,1,  pos,5,  cmd, goto,7
840.0,Elevator call,839.8525653,0,1,1,0, got allocated to elevator, 0
848.0,Elev,0,  arrived at src, 7, Elevator call,825.4575185,7,0,2,0
848.0, elevID,0,  pos,7,  cmd, goto,0
849.0,Elev,1,  arrived at src, 7, Elevator call,816.1516998,7,-1,2,1
849.0, elevID,1,  pos,7,  cmd, goto,0
855.0,Elevator call,854.2002278,6,-1,1,0, got allocated to elevator, 0
863.0,Elev,1,  arrived at dest, 0, this call is done!, Elevator call,810.4469089,2,0,3,1, Done, dt, 52.55309109999996
863.0, elevID,1,  pos,0,  cmd, goto,-1
864.0,Elevator call,863.8932913,0,-1,1,1, got allocated to elevator, 1
, elevID,1,  pos,0,  cmd, stop,0
865.0,Elev,0,  arrived at dest, 0, this call is done!, Elevator call,825.4575185,7,0,3,0, Done, dt, 39.54248150000001
865.0,Elev,0,  arrived at src, 0, Elevator call,839.8525653,0,1,2,0
865.0, elevID,0,  pos,0,  cmd, goto,1
871.0,Elevator call,870.5053024,0,7,1,1, got allocated to elevator, 1
873.0,Elev,1,  arrived at src, 0, Elevator call,863.8932913,0,-1,2,1
873.0,Elev,1,  arrived at src, 0, Elevator call,870.5053024,0,7,2,1
873.0, elevID,1,  pos,0,  cmd, goto,-1
876.0,Elev,0,  arrived at dest, 1, this call is done!, Elevator call,839.8525653,0,1,3,0, Done, dt, 36.14743469999996
876.0, elevID,0,  pos,1,  cmd, goto,6
884.0,Elev,1,  arrived at dest, -1, this call is done!, Elevator call,816.1516998,7,-1,3,1, Done, dt, 67.84830020000004
884.0,Elev,1,  arrived at dest, -1, this call is done!, Elevator call,863.8932913,0,-1,3,1, Done, dt, 20.106708700000013
884.0, elevID,1,  pos,-1,  cmd, goto,7
887.0,Elevator call,886.5649993,-1,-2,1,0, got allocated to elevator, 0
891.0,Elev,0,  arrived at src, 6, Elevator call,854.2002278,6,-1,2,0
891.0, elevID,0,  pos,6,  cmd, goto,-1
893.0,Elevator call,892.5212151,9,-1,1,0, got allocated to elevator, 0
898.0,Elev,1,  arrived at dest, 7, this call is done!, Elevator call,870.5053024,0,7,3,1, Done, dt, 27.494697599999995
908.0,Elev,0,  arrived at dest, -1, this call is done!, Elevator call,854.2002278,6,-1,3,0, Done, dt, 53.79977220000001
908.0,Elev,0,  arrived at src, -1, Elevator call,886.5649993,-1,-2,2,0
908.0, elevID,0,  pos,-1,  cmd, goto,-2
911.0,Elevator call,910.5388559,6,5,1,1, got allocated to elevator, 1
911.0, elevID,1,  pos,7,  cmd, goto,6
916.0,Elevator call,915.9490575,4,-1,1,1, got allocated to elevator, 1
919.0,Elev,0,  arrived at dest, -2, this call is done!, Elevator call,886.5649993,-1,-2,3,0, Done, dt, 32.435000700000046
919.0, elevID,0,  pos,-2,  cmd, goto,9
922.0,Elev,1,  arrived at src, 6, Elevator call,910.5388559,6,5,2,1
922.0, elevID,1,  pos,6,  cmd, goto,5
933.0,Elev,1,  arrived at dest, 5, this call is done!, Elevator call,910.5388559,6,5,3,1, Done, dt, 22.461144099999956
933.0, elevID,1,  pos,5,  cmd, goto,4
934.0,Elevator call,933.8580452,7,5,1,0, got allocated to elevator, 0
940.0,Elev,0,  arrived at src, 9, Elevator call,892.5212151,9,-1,2,0
940.0, elevID,0,  pos,9,  cmd, goto,7
944.0,Elev,1,  arrived at src, 4, Elevator call,915.9490575,4,-1,2,1
944.0, elevID,1,  pos,4,  cmd, goto,-1
952.0,Elev,0,  arrived at src, 7, Elevator call,933.8580452,7,5,2,0
952.0, elevID,0,  pos,7,  cmd, goto,5
957.0,Elev,1,  arrived at dest, -1, this call is done!, Elevator call,915.9490575,4,-1,3,1, Done, dt, 41.05094250000002
962.0,Elevator call,961.6862856,6,-1,1,0, got allocated to elevator, 0
964.0,Elev,0,  arrived at dest, 5, this call is done!, Elevator call,933.8580452,7,5,3,0, Done, dt, 30.141954800000008
964.0, elevID,0,  pos,5,  cmd, goto,-1
973.0,Elevator call,972.8032126,1,0,1,1, got allocated to elevator, 1
973.0, elevID,1,  pos,-1,  cmd, goto,1
976.0,Elevator call,975.8361203,0,-1,1,1, got allocated to elevator, 1
976.0, elevID,1,  pos,-1,  cmd, stop,0
979.0,Elevator call,978.5925149,10,0,1,0, got allocated to elevator, 0
979.0,Elevator call,978.6210501,10,-1,1,0, got allocated to elevator, 0
980.0,Elev,0,  arrived at dest, -1, this call is done!, Elevator call,892.5212151,9,-1,3,0, Done, dt, 87.47878490000005
980.0, elevID,0,  pos,-1,  cmd, goto,6
984.0,Elev,1,  arrived at src, 0, Elevator call,975.8361203,0,-1,2,1
984.0, elevID,1,  pos,0,  cmd, goto,1
985.0,Elevator call,984.1840186,7,0,1,1, got allocated to elevator, 1
995.0,Elev,1,  arrived at src, 1, Elevator call,972.8032126,1,0,2,1
995.0, elevID,1,  pos,1,  cmd, goto,7
997.0,Elev,0,  arrived at src, 6, Elevator call,961.6862856,6,-1,2,0
997.0, elevID,0,  pos,6,  cmd, goto,10
1008.0,Elev,1,  arrived at src, 7, Elevator call,984.1840186,7,0,2,1
1008.0, elevID,1,  pos,7,  cmd, goto,0
1011.0,Elev,0,  arrived at src, 10, Elevator call,978.5925149,10,0,2,0
1011.0,Elev,0,  arrived at src, 10, Elevator call,978.6210501,10,-1,2,0
1011.0, elevID,0,  pos,10,  cmd, goto,0
1022.0,Elev,1,  arrived at dest, 0, this call is done!, Elevator call,972.8032126,1,0,3,1, Done, dt, 49.19678739999995
1022.0,Elev,1,  arrived at dest, 0, this call is done!, Elevator call,984.1840186,7,0,3,1, Done, dt, 37.815981400000055
1022.0, elevID,1,  pos,0,  cmd, goto,-1
1031.0,Elev,0,  arrived at dest, 0, this call is done!, Elevator call,978.5925149,10,0,3,0, Done, dt, 52.40748510000003
1031.0, elevID,0,  pos,0,  cmd, goto,-1
1033.0,Elev,1,  arrived at dest, -1, this call is done!, Elevator call,975.8361203,0,-1,3,1, Done, dt, 57.16387970000005
1042.0,Elev,0,  arrived at dest, -1, this call is done!, Elevator call,961.6862856,6,-1,3,0, Done, dt, 80.31371439999998
1042.0,Elev,0,  arrived at dest, -1, this call is done!, Elevator call,978.6210501,10,-1,3,0, Done, dt, 63.37894989999995
1043.0,************* Simulation Ended ************
Code Owners,1111,2222,3333,  Building_file,Ex1_Buildings/B2.json,  Calls,output.csv
Total waiting time: 4869.0,  average waiting time per call: 48.69,  unCompleted calls,0,  certificate, -46963029
